<?xml version="1.0" encoding="UTF-8"?>
<testsuite name="org.example.TreiberStackTest5" tests="1" skipped="1" failures="0" errors="0" timestamp="2024-12-05T01:53:04" hostname="LAPTOP-H5QHCG44" time="24.924">
  <properties/>
  <testcase name="test()" classname="org.example.TreiberStackTest5" time="24.924">
    <skipped/>
  </testcase>
  <system-out><![CDATA[]]></system-out>
  <system-err><![CDATA[To make verification faster, you can specify the state equivalence relation on your sequential specification.
At the current moment, `TreiberStackTest5` does not specify it, or the equivalence relation implementation is incorrect.
To fix this, please implement `equals()` and `hashCode()` functions on `TreiberStackTest5`; the simplest way is to extend `VerifierState`
and override the `extractState()` function, which is called at once and the result of which is used for further `equals()` and `hashCode()` invocations.
]]></system-err>
</testsuite>
